  main.cpp
C:\Github Repo\SNHU-CS-330\Module 7\7-1 Project\main.cpp(103,46): warning C4305: 'argument': truncation from 'double' to 'GLfloat'
C:\Github Repo\SNHU-CS-330\Module 7\7-1 Project\main.cpp(103,34): warning C4305: 'argument': truncation from 'double' to 'GLfloat'
C:\Github Repo\SNHU-CS-330\Module 7\7-1 Project\main.cpp(690,22): warning C4244: 'initializing': conversion from 'double' to 'float', possible loss of data
  meshes.cpp
C:\Github Repo\SNHU-CS-330\Module 7\7-1 Project\meshes.cpp(362,61): warning C4305: 'initializing': truncation from 'double' to 'GLfloat'
C:\Github Repo\SNHU-CS-330\Module 7\7-1 Project\meshes.cpp(363,61): warning C4305: 'initializing': truncation from 'double' to 'GLfloat'
C:\Github Repo\SNHU-CS-330\Module 7\7-1 Project\meshes.cpp(365,61): warning C4305: 'initializing': truncation from 'double' to 'GLfloat'
C:\Github Repo\SNHU-CS-330\Module 7\7-1 Project\meshes.cpp(366,61): warning C4305: 'initializing': truncation from 'double' to 'GLfloat'
C:\Github Repo\SNHU-CS-330\Module 7\7-1 Project\meshes.cpp(368,60): warning C4305: 'initializing': truncation from 'double' to 'GLfloat'
C:\Github Repo\SNHU-CS-330\Module 7\7-1 Project\meshes.cpp(369,60): warning C4305: 'initializing': truncation from 'double' to 'GLfloat'
C:\Github Repo\SNHU-CS-330\Module 7\7-1 Project\meshes.cpp(666,29): warning C4305: 'initializing': truncation from 'double' to 'GLfloat'
C:\Github Repo\SNHU-CS-330\Module 7\7-1 Project\meshes.cpp(666,36): warning C4305: 'initializing': truncation from 'double' to 'GLfloat'
C:\Github Repo\SNHU-CS-330\Module 7\7-1 Project\meshes.cpp(667,28): warning C4305: 'initializing': truncation from 'double' to 'GLfloat'
C:\Github Repo\SNHU-CS-330\Module 7\7-1 Project\meshes.cpp(667,35): warning C4305: 'initializing': truncation from 'double' to 'GLfloat'
C:\Github Repo\SNHU-CS-330\Module 7\7-1 Project\meshes.cpp(668,27): warning C4305: 'initializing': truncation from 'double' to 'GLfloat'
C:\Github Repo\SNHU-CS-330\Module 7\7-1 Project\meshes.cpp(668,34): warning C4305: 'initializing': truncation from 'double' to 'GLfloat'
C:\Github Repo\SNHU-CS-330\Module 7\7-1 Project\meshes.cpp(671,23): warning C4305: 'initializing': truncation from 'double' to 'GLfloat'
C:\Github Repo\SNHU-CS-330\Module 7\7-1 Project\meshes.cpp(671,30): warning C4305: 'initializing': truncation from 'double' to 'GLfloat'
C:\Github Repo\SNHU-CS-330\Module 7\7-1 Project\meshes.cpp(672,24): warning C4305: 'initializing': truncation from 'double' to 'GLfloat'
C:\Github Repo\SNHU-CS-330\Module 7\7-1 Project\meshes.cpp(672,31): warning C4305: 'initializing': truncation from 'double' to 'GLfloat'
C:\Github Repo\SNHU-CS-330\Module 7\7-1 Project\meshes.cpp(673,22): warning C4305: 'initializing': truncation from 'double' to 'GLfloat'
C:\Github Repo\SNHU-CS-330\Module 7\7-1 Project\meshes.cpp(673,29): warning C4305: 'initializing': truncation from 'double' to 'GLfloat'
C:\Github Repo\SNHU-CS-330\Module 7\7-1 Project\meshes.cpp(676,24): warning C4305: 'initializing': truncation from 'double' to 'GLfloat'
C:\Github Repo\SNHU-CS-330\Module 7\7-1 Project\meshes.cpp(676,31): warning C4305: 'initializing': truncation from 'double' to 'GLfloat'
C:\Github Repo\SNHU-CS-330\Module 7\7-1 Project\meshes.cpp(677,24): warning C4305: 'initializing': truncation from 'double' to 'GLfloat'
C:\Github Repo\SNHU-CS-330\Module 7\7-1 Project\meshes.cpp(677,31): warning C4305: 'initializing': truncation from 'double' to 'GLfloat'
C:\Github Repo\SNHU-CS-330\Module 7\7-1 Project\meshes.cpp(678,22): warning C4305: 'initializing': truncation from 'double' to 'GLfloat'
C:\Github Repo\SNHU-CS-330\Module 7\7-1 Project\meshes.cpp(678,29): warning C4305: 'initializing': truncation from 'double' to 'GLfloat'
C:\Github Repo\SNHU-CS-330\Module 7\7-1 Project\meshes.cpp(748,12): warning C4305: 'initializing': truncation from 'double' to 'GLfloat'
C:\Github Repo\SNHU-CS-330\Module 7\7-1 Project\meshes.cpp(756,13): warning C4305: 'initializing': truncation from 'double' to 'GLfloat'
C:\Github Repo\SNHU-CS-330\Module 7\7-1 Project\meshes.cpp(877,4): warning C4305: 'initializing': truncation from 'double' to 'GLfloat'
C:\Github Repo\SNHU-CS-330\Module 7\7-1 Project\meshes.cpp(986,13): warning C4305: 'initializing': truncation from 'double' to 'GLfloat'
C:\Github Repo\SNHU-CS-330\Module 7\7-1 Project\meshes.cpp(994,14): warning C4305: 'initializing': truncation from 'double' to 'GLfloat'
C:\Github Repo\SNHU-CS-330\Module 7\7-1 Project\meshes.cpp(1536,46): warning C4244: '=': conversion from 'double' to 'float', possible loss of data
C:\Github Repo\SNHU-CS-330\Module 7\7-1 Project\meshes.cpp(1537,22): warning C4244: '=': conversion from 'double' to 'float', possible loss of data
  Sphere.cpp
  utils.cpp
C:\Github Repo\SNHU-CS-330\Module 7\7-1 Project\utils.cpp(212,12): warning C4244: '=': conversion from 'double' to 'float', possible loss of data
C:\Github Repo\SNHU-CS-330\Module 7\7-1 Project\utils.cpp(213,12): warning C4244: '=': conversion from 'double' to 'float', possible loss of data
C:\Github Repo\SNHU-CS-330\Module 7\7-1 Project\utils.cpp(217,16): warning C4244: 'initializing': conversion from 'double' to 'float', possible loss of data
C:\Github Repo\SNHU-CS-330\Module 7\7-1 Project\utils.cpp(218,16): warning C4244: 'initializing': conversion from 'double' to 'float', possible loss of data
C:\Github Repo\SNHU-CS-330\Module 7\7-1 Project\utils.cpp(220,11): warning C4244: '=': conversion from 'double' to 'float', possible loss of data
C:\Github Repo\SNHU-CS-330\Module 7\7-1 Project\utils.cpp(221,11): warning C4244: '=': conversion from 'double' to 'float', possible loss of data
C:\Github Repo\SNHU-CS-330\Module 7\7-1 Project\utils.cpp(228,28): warning C4244: 'argument': conversion from 'double' to 'float', possible loss of data
C:\Github Repo\SNHU-CS-330\Module 7\7-1 Project\utils.cpp(278,34): warning C4305: 'return': truncation from 'double' to 'float'
  Generating Code...
LINK : warning LNK4098: defaultlib 'MSVCRT' conflicts with use of other libs; use /NODEFAULTLIB:library
  7-1 Project.vcxproj -> C:\Github Repo\SNHU-CS-330\Module 7\7-1 Project\x64\Debug\7-1 Project.exe
