  main.cpp
C:\Github Repo\SNHU-CS-330\Module 4\4-5-Milestone\main.cpp(347,22): warning C4244: 'initializing': conversion from 'double' to 'float', possible loss of data
  meshes.cpp
C:\Github Repo\SNHU-CS-330\Module 4\4-5-Milestone\meshes.cpp(318,61): warning C4305: 'initializing': truncation from 'double' to 'GLfloat'
C:\Github Repo\SNHU-CS-330\Module 4\4-5-Milestone\meshes.cpp(319,61): warning C4305: 'initializing': truncation from 'double' to 'GLfloat'
C:\Github Repo\SNHU-CS-330\Module 4\4-5-Milestone\meshes.cpp(321,61): warning C4305: 'initializing': truncation from 'double' to 'GLfloat'
C:\Github Repo\SNHU-CS-330\Module 4\4-5-Milestone\meshes.cpp(322,61): warning C4305: 'initializing': truncation from 'double' to 'GLfloat'
C:\Github Repo\SNHU-CS-330\Module 4\4-5-Milestone\meshes.cpp(324,60): warning C4305: 'initializing': truncation from 'double' to 'GLfloat'
C:\Github Repo\SNHU-CS-330\Module 4\4-5-Milestone\meshes.cpp(325,60): warning C4305: 'initializing': truncation from 'double' to 'GLfloat'
C:\Github Repo\SNHU-CS-330\Module 4\4-5-Milestone\meshes.cpp(654,12): warning C4305: 'initializing': truncation from 'double' to 'GLfloat'
C:\Github Repo\SNHU-CS-330\Module 4\4-5-Milestone\meshes.cpp(662,13): warning C4305: 'initializing': truncation from 'double' to 'GLfloat'
C:\Github Repo\SNHU-CS-330\Module 4\4-5-Milestone\meshes.cpp(783,4): warning C4305: 'initializing': truncation from 'double' to 'GLfloat'
C:\Github Repo\SNHU-CS-330\Module 4\4-5-Milestone\meshes.cpp(892,13): warning C4305: 'initializing': truncation from 'double' to 'GLfloat'
C:\Github Repo\SNHU-CS-330\Module 4\4-5-Milestone\meshes.cpp(900,14): warning C4305: 'initializing': truncation from 'double' to 'GLfloat'
C:\Github Repo\SNHU-CS-330\Module 4\4-5-Milestone\meshes.cpp(1442,46): warning C4244: '=': conversion from 'double' to 'float', possible loss of data
C:\Github Repo\SNHU-CS-330\Module 4\4-5-Milestone\meshes.cpp(1443,22): warning C4244: '=': conversion from 'double' to 'float', possible loss of data
  utils.cpp
C:\Github Repo\SNHU-CS-330\Module 4\4-5-Milestone\utils.cpp(174,12): warning C4244: '=': conversion from 'double' to 'float', possible loss of data
C:\Github Repo\SNHU-CS-330\Module 4\4-5-Milestone\utils.cpp(175,12): warning C4244: '=': conversion from 'double' to 'float', possible loss of data
C:\Github Repo\SNHU-CS-330\Module 4\4-5-Milestone\utils.cpp(179,16): warning C4244: 'initializing': conversion from 'double' to 'float', possible loss of data
C:\Github Repo\SNHU-CS-330\Module 4\4-5-Milestone\utils.cpp(180,16): warning C4244: 'initializing': conversion from 'double' to 'float', possible loss of data
C:\Github Repo\SNHU-CS-330\Module 4\4-5-Milestone\utils.cpp(182,11): warning C4244: '=': conversion from 'double' to 'float', possible loss of data
C:\Github Repo\SNHU-CS-330\Module 4\4-5-Milestone\utils.cpp(183,11): warning C4244: '=': conversion from 'double' to 'float', possible loss of data
C:\Github Repo\SNHU-CS-330\Module 4\4-5-Milestone\utils.cpp(190,28): warning C4244: 'argument': conversion from 'double' to 'float', possible loss of data
  Generating code
  Previous IPDB not found, fall back to full compilation.
  All 417 functions were compiled because no usable IPDB/IOBJ from previous compilation was found.
  Finished generating code
  4-5-Milestone.vcxproj -> C:\Github Repo\SNHU-CS-330\Module 4\4-5-Milestone\x64\Release\4-5-Milestone.exe
