  GLmesh.cpp
C:\Github Repo\SNHU-CS-330\Module 6\6-3 Lighting a Pyramid\GLmesh.cpp(8,29): warning C4305: 'initializing': truncation from 'double' to 'GLfloat'
C:\Github Repo\SNHU-CS-330\Module 6\6-3 Lighting a Pyramid\GLmesh.cpp(8,36): warning C4305: 'initializing': truncation from 'double' to 'GLfloat'
C:\Github Repo\SNHU-CS-330\Module 6\6-3 Lighting a Pyramid\GLmesh.cpp(9,28): warning C4305: 'initializing': truncation from 'double' to 'GLfloat'
C:\Github Repo\SNHU-CS-330\Module 6\6-3 Lighting a Pyramid\GLmesh.cpp(9,35): warning C4305: 'initializing': truncation from 'double' to 'GLfloat'
C:\Github Repo\SNHU-CS-330\Module 6\6-3 Lighting a Pyramid\GLmesh.cpp(10,27): warning C4305: 'initializing': truncation from 'double' to 'GLfloat'
C:\Github Repo\SNHU-CS-330\Module 6\6-3 Lighting a Pyramid\GLmesh.cpp(10,34): warning C4305: 'initializing': truncation from 'double' to 'GLfloat'
C:\Github Repo\SNHU-CS-330\Module 6\6-3 Lighting a Pyramid\GLmesh.cpp(13,23): warning C4305: 'initializing': truncation from 'double' to 'GLfloat'
C:\Github Repo\SNHU-CS-330\Module 6\6-3 Lighting a Pyramid\GLmesh.cpp(13,30): warning C4305: 'initializing': truncation from 'double' to 'GLfloat'
C:\Github Repo\SNHU-CS-330\Module 6\6-3 Lighting a Pyramid\GLmesh.cpp(14,24): warning C4305: 'initializing': truncation from 'double' to 'GLfloat'
C:\Github Repo\SNHU-CS-330\Module 6\6-3 Lighting a Pyramid\GLmesh.cpp(14,31): warning C4305: 'initializing': truncation from 'double' to 'GLfloat'
C:\Github Repo\SNHU-CS-330\Module 6\6-3 Lighting a Pyramid\GLmesh.cpp(15,22): warning C4305: 'initializing': truncation from 'double' to 'GLfloat'
C:\Github Repo\SNHU-CS-330\Module 6\6-3 Lighting a Pyramid\GLmesh.cpp(15,29): warning C4305: 'initializing': truncation from 'double' to 'GLfloat'
C:\Github Repo\SNHU-CS-330\Module 6\6-3 Lighting a Pyramid\GLmesh.cpp(18,24): warning C4305: 'initializing': truncation from 'double' to 'GLfloat'
C:\Github Repo\SNHU-CS-330\Module 6\6-3 Lighting a Pyramid\GLmesh.cpp(18,31): warning C4305: 'initializing': truncation from 'double' to 'GLfloat'
C:\Github Repo\SNHU-CS-330\Module 6\6-3 Lighting a Pyramid\GLmesh.cpp(19,24): warning C4305: 'initializing': truncation from 'double' to 'GLfloat'
C:\Github Repo\SNHU-CS-330\Module 6\6-3 Lighting a Pyramid\GLmesh.cpp(19,31): warning C4305: 'initializing': truncation from 'double' to 'GLfloat'
C:\Github Repo\SNHU-CS-330\Module 6\6-3 Lighting a Pyramid\GLmesh.cpp(20,22): warning C4305: 'initializing': truncation from 'double' to 'GLfloat'
C:\Github Repo\SNHU-CS-330\Module 6\6-3 Lighting a Pyramid\GLmesh.cpp(20,29): warning C4305: 'initializing': truncation from 'double' to 'GLfloat'
  main.cpp
C:\Github Repo\SNHU-CS-330\Module 6\6-3 Lighting a Pyramid\main.cpp(252,22): warning C4244: 'initializing': conversion from 'double' to 'float', possible loss of data
  utils.cpp
C:\Github Repo\SNHU-CS-330\Module 6\6-3 Lighting a Pyramid\utils.cpp(188,12): warning C4244: '=': conversion from 'double' to 'float', possible loss of data
C:\Github Repo\SNHU-CS-330\Module 6\6-3 Lighting a Pyramid\utils.cpp(189,12): warning C4244: '=': conversion from 'double' to 'float', possible loss of data
C:\Github Repo\SNHU-CS-330\Module 6\6-3 Lighting a Pyramid\utils.cpp(193,16): warning C4244: 'initializing': conversion from 'double' to 'float', possible loss of data
C:\Github Repo\SNHU-CS-330\Module 6\6-3 Lighting a Pyramid\utils.cpp(194,16): warning C4244: 'initializing': conversion from 'double' to 'float', possible loss of data
C:\Github Repo\SNHU-CS-330\Module 6\6-3 Lighting a Pyramid\utils.cpp(196,11): warning C4244: '=': conversion from 'double' to 'float', possible loss of data
C:\Github Repo\SNHU-CS-330\Module 6\6-3 Lighting a Pyramid\utils.cpp(197,11): warning C4244: '=': conversion from 'double' to 'float', possible loss of data
C:\Github Repo\SNHU-CS-330\Module 6\6-3 Lighting a Pyramid\utils.cpp(204,28): warning C4244: 'argument': conversion from 'double' to 'float', possible loss of data
soil2-debug.lib(SOIL2.obj) : warning LNK4075: ignoring '/EDITANDCONTINUE' due to '/OPT:ICF' specification
LINK : warning LNK4098: defaultlib 'MSVCRTD' conflicts with use of other libs; use /NODEFAULTLIB:library
  Generating code
  Previous IPDB not found, fall back to full compilation.
  All 265 functions were compiled because no usable IPDB/IOBJ from previous compilation was found.
  Finished generating code
  6-3 Lighting a Pyramid.vcxproj -> C:\Github Repo\SNHU-CS-330\Module 6\6-3 Lighting a Pyramid\x64\Release\6-3 Lighting a Pyramid.exe
