  main.cpp
C:\Github Repo\SNHU-CS-330\Module 8\8-3 Assignment\linmath.h(64,1): warning C4244: 'initializing': conversion from 'double' to 'float', possible loss of data
  (compiling source file 'main.cpp')
  
C:\Github Repo\SNHU-CS-330\Module 8\8-3 Assignment\linmath.h(65,1): warning C4244: 'initializing': conversion from 'double' to 'float', possible loss of data
  (compiling source file 'main.cpp')
  
C:\Github Repo\SNHU-CS-330\Module 8\8-3 Assignment\linmath.h(66,1): warning C4244: 'initializing': conversion from 'double' to 'float', possible loss of data
  (compiling source file 'main.cpp')
  
C:\Github Repo\SNHU-CS-330\Module 8\8-3 Assignment\linmath.h(344,17): warning C4244: '=': conversion from 'double' to 'float', possible loss of data
  (compiling source file 'main.cpp')
  
C:\Github Repo\SNHU-CS-330\Module 8\8-3 Assignment\linmath.h(597,18): warning C4244: 'argument': conversion from 'double' to 'float', possible loss of data
  (compiling source file 'main.cpp')
  
C:\Github Repo\SNHU-CS-330\Module 8\8-3 Assignment\linmath.h(604,18): warning C4244: 'argument': conversion from 'double' to 'float', possible loss of data
  (compiling source file 'main.cpp')
  
C:\Program Files (x86)\Windows Kits\10\Include\10.0.22621.0\shared\minwindef.h(130,1): warning C4005: 'APIENTRY': macro redefinition
  (compiling source file 'main.cpp')
  C:\OpenGL\Include\32 Bit\GLFW\glfw3.h(123,1):
  see previous definition of 'APIENTRY'
  
C:\Github Repo\SNHU-CS-330\Module 8\8-3 Assignment\main.cpp(23,31): warning C4305: 'initializing': truncation from 'double' to 'float'
C:\Github Repo\SNHU-CS-330\Module 8\8-3 Assignment\main.cpp(72,16): warning C4305: 'initializing': truncation from 'double' to 'float'
C:\Github Repo\SNHU-CS-330\Module 8\8-3 Assignment\main.cpp(79,7): warning C4244: '=': conversion from 'double' to 'float', possible loss of data
C:\Github Repo\SNHU-CS-330\Module 8\8-3 Assignment\main.cpp(80,7): warning C4244: '=': conversion from 'double' to 'float', possible loss of data
C:\Github Repo\SNHU-CS-330\Module 8\8-3 Assignment\main.cpp(81,12): warning C4244: '=': conversion from 'double' to 'float', possible loss of data
C:\Github Repo\SNHU-CS-330\Module 8\8-3 Assignment\main.cpp(98,11): warning C4244: '=': conversion from 'double' to 'float', possible loss of data
C:\Github Repo\SNHU-CS-330\Module 8\8-3 Assignment\main.cpp(99,11): warning C4244: '=': conversion from 'double' to 'float', possible loss of data
C:\Github Repo\SNHU-CS-330\Module 8\8-3 Assignment\main.cpp(118,11): warning C4244: '=': conversion from 'double' to 'float', possible loss of data
C:\Github Repo\SNHU-CS-330\Module 8\8-3 Assignment\main.cpp(119,11): warning C4244: '=': conversion from 'double' to 'float', possible loss of data
C:\Github Repo\SNHU-CS-330\Module 8\8-3 Assignment\main.cpp(128,11): warning C4244: '=': conversion from 'double' to 'float', possible loss of data
C:\Github Repo\SNHU-CS-330\Module 8\8-3 Assignment\main.cpp(129,11): warning C4244: '=': conversion from 'double' to 'float', possible loss of data
C:\Github Repo\SNHU-CS-330\Module 8\8-3 Assignment\main.cpp(209,32): warning C4305: 'argument': truncation from 'double' to 'float'
C:\Github Repo\SNHU-CS-330\Module 8\8-3 Assignment\main.cpp(209,26): warning C4305: 'argument': truncation from 'double' to 'float'
C:\Github Repo\SNHU-CS-330\Module 8\8-3 Assignment\main.cpp(212,12): warning C4244: 'argument': conversion from 'time_t' to 'unsigned int', possible loss of data
C:\Github Repo\SNHU-CS-330\Module 8\8-3 Assignment\main.cpp(228,38): warning C4305: 'argument': truncation from 'double' to 'float'
C:\Github Repo\SNHU-CS-330\Module 8\8-3 Assignment\main.cpp(228,33): warning C4305: 'argument': truncation from 'double' to 'float'
C:\Github Repo\SNHU-CS-330\Module 8\8-3 Assignment\main.cpp(228,28): warning C4305: 'argument': truncation from 'double' to 'float'
C:\Github Repo\SNHU-CS-330\Module 8\8-3 Assignment\main.cpp(229,39): warning C4305: 'argument': truncation from 'double' to 'float'
C:\Github Repo\SNHU-CS-330\Module 8\8-3 Assignment\main.cpp(229,34): warning C4305: 'argument': truncation from 'double' to 'float'
C:\Github Repo\SNHU-CS-330\Module 8\8-3 Assignment\main.cpp(229,29): warning C4305: 'argument': truncation from 'double' to 'float'
C:\Github Repo\SNHU-CS-330\Module 8\8-3 Assignment\main.cpp(230,39): warning C4305: 'argument': truncation from 'double' to 'float'
C:\Github Repo\SNHU-CS-330\Module 8\8-3 Assignment\main.cpp(230,34): warning C4305: 'argument': truncation from 'double' to 'float'
C:\Github Repo\SNHU-CS-330\Module 8\8-3 Assignment\main.cpp(231,37): warning C4305: 'argument': truncation from 'double' to 'float'
C:\Github Repo\SNHU-CS-330\Module 8\8-3 Assignment\main.cpp(231,32): warning C4305: 'argument': truncation from 'double' to 'float'
C:\Github Repo\SNHU-CS-330\Module 8\8-3 Assignment\main.cpp(232,40): warning C4305: 'argument': truncation from 'double' to 'float'
C:\Github Repo\SNHU-CS-330\Module 8\8-3 Assignment\main.cpp(232,35): warning C4305: 'argument': truncation from 'double' to 'float'
C:\Github Repo\SNHU-CS-330\Module 8\8-3 Assignment\main.cpp(232,30): warning C4305: 'argument': truncation from 'double' to 'float'
C:\Github Repo\SNHU-CS-330\Module 8\8-3 Assignment\main.cpp(233,40): warning C4305: 'argument': truncation from 'double' to 'float'
C:\Github Repo\SNHU-CS-330\Module 8\8-3 Assignment\main.cpp(233,35): warning C4305: 'argument': truncation from 'double' to 'float'
C:\Github Repo\SNHU-CS-330\Module 8\8-3 Assignment\main.cpp(233,30): warning C4305: 'argument': truncation from 'double' to 'float'
C:\Github Repo\SNHU-CS-330\Module 8\8-3 Assignment\main.cpp(236,39): warning C4305: 'argument': truncation from 'double' to 'float'
C:\Github Repo\SNHU-CS-330\Module 8\8-3 Assignment\main.cpp(236,29): warning C4305: 'argument': truncation from 'double' to 'float'
C:\Github Repo\SNHU-CS-330\Module 8\8-3 Assignment\main.cpp(237,41): warning C4305: 'argument': truncation from 'double' to 'float'
C:\Github Repo\SNHU-CS-330\Module 8\8-3 Assignment\main.cpp(237,31): warning C4305: 'argument': truncation from 'double' to 'float'
C:\Github Repo\SNHU-CS-330\Module 8\8-3 Assignment\main.cpp(251,21): warning C4018: '<': signed/unsigned mismatch
C:\Github Repo\SNHU-CS-330\Module 8\8-3 Assignment\main.cpp(284,2): warning C4551: function call missing argument list
C:\Github Repo\SNHU-CS-330\Module 8\8-3 Assignment\main.cpp(302,51): warning C4244: 'argument': conversion from 'double' to 'float', possible loss of data
C:\Github Repo\SNHU-CS-330\Module 8\8-3 Assignment\main.cpp(302,48): warning C4244: 'argument': conversion from 'double' to 'float', possible loss of data
C:\Github Repo\SNHU-CS-330\Module 8\8-3 Assignment\main.cpp(302,45): warning C4244: 'argument': conversion from 'double' to 'float', possible loss of data
C:\Github Repo\SNHU-CS-330\Module 8\8-3 Assignment\main.cpp(302,39): warning C4305: 'argument': truncation from 'double' to 'float'
C:\Github Repo\SNHU-CS-330\Module 8\8-3 Assignment\main.cpp(314,24): warning C4244: '=': conversion from 'double' to 'float', possible loss of data
C:\Github Repo\SNHU-CS-330\Module 8\8-3 Assignment\main.cpp(316,19): warning C4305: '+=': truncation from 'double' to 'float'
C:\Github Repo\SNHU-CS-330\Module 8\8-3 Assignment\main.cpp(322,24): warning C4244: '=': conversion from 'double' to 'float', possible loss of data
C:\Github Repo\SNHU-CS-330\Module 8\8-3 Assignment\main.cpp(324,19): warning C4305: '-=': truncation from 'double' to 'float'
  Generating code
  4 of 87 functions ( 4.6%) were compiled, the rest were copied from previous compilation.
    0 functions were new in current compilation
    1 functions had inline decision re-evaluated but remain unchanged
  Finished generating code
  8-3 Assignment.vcxproj -> C:\Github Repo\SNHU-CS-330\Module 8\8-3 Assignment\Release\8-3 Assignment.exe
